     1                                  bits 32 ; assembling for the 32 bits architecture
     2                                  
     3                                  ; declare the EntryPoint (a label defining the very first instruction of the program)
     4                                  global start        
     5                                  
     6                                  ; declare external functions needed by our program
     7                                  extern exit               ; tell nasm that exit exists even if we won't be defining it
     8                                  import exit msvcrt.dll    ; exit is a function that ends the calling process. It is defined in msvcrt.dll
     9                                                            ; msvcrt.dll contains exit, printf and all the other important C-runtime specific functions
    10                                  
    11                                  ; our data is declared here (the variables needed by our program)
    12                                  segment data use32 class=data
    13                                      ; ...
    14 00000000 1000                        a DW 16
    15 00000002 04                          b DB 4
    16 00000003 <res 00000001>              rezultat RESB 1
    17                                  ; our code starts here
    18                                  segment code use32 class=code
    19                                      start:
    20                                          ; ...
    21 00000000 66A1[00000000]                  mov AX, [a]
    22 00000006 8A1D[02000000]                  mov BL, [b]
    23 0000000C F6F3                            div BL
    24 0000000E A2[03000000]                    mov [rezultat], AL
    25                                          ; exit(0)
    26 00000013 6A00                            push    dword 0      ; push the parameter for exit onto the stack
    27 00000015 FF15[00000000]                  call    [exit]       ; call exit to terminate the program
